0 info it worked if it ends with ok
1 verbose cli [ 'node', '/Users/kpaca/.nvm/v0.10.28/bin/npm', 'run', 'start' ]
2 info using npm@3.10.9
3 info using node@v0.10.28
4 verbose run-script [ 'prestart', 'start', 'poststart' ]
5 info lifecycle hyphen@1.0.0~prestart: hyphen@1.0.0
6 silly lifecycle hyphen@1.0.0~prestart: no script for prestart, continuing
7 info lifecycle hyphen@1.0.0~start: hyphen@1.0.0
8 verbose lifecycle hyphen@1.0.0~start: unsafe-perm in lifecycle true
9 verbose lifecycle hyphen@1.0.0~start: PATH: /Users/kpaca/.nvm/v0.10.28/lib/node_modules/npm/bin/node-gyp-bin:/Users/kpaca/Documents/Khris/HSEmployee/node_modules/.bin:/Users/kpaca/.rvm/gems/ruby-2.2.5/bin:/Users/kpaca/.rvm/gems/ruby-2.2.5@global/bin:/Users/kpaca/.rvm/rubies/ruby-2.2.5/bin:/Users/kpaca/.nvm/v0.10.28/bin:/usr/local/bin:/usr/bin:/bin:/usr/sbin:/sbin:/Users/kpaca/.rvm/bin:/Users/kpaca/.rvm/bin
10 verbose lifecycle hyphen@1.0.0~start: CWD: /Users/kpaca/Documents/Khris/HSEmployee
11 silly lifecycle hyphen@1.0.0~start: Args: [ '-c', 'tsc && concurrently "tsc -w" "lite-server" ' ]
12 silly lifecycle hyphen@1.0.0~start: Returned: code: 2  signal: null
13 info lifecycle hyphen@1.0.0~start: Failed to exec start script
14 verbose stack Error: hyphen@1.0.0 start: `tsc && concurrently "tsc -w" "lite-server" `
14 verbose stack Exit status 2
14 verbose stack     at EventEmitter.<anonymous> (/Users/kpaca/.nvm/v0.10.28/lib/node_modules/npm/lib/utils/lifecycle.js:255:16)
14 verbose stack     at EventEmitter.emit (events.js:98:17)
14 verbose stack     at ChildProcess.<anonymous> (/Users/kpaca/.nvm/v0.10.28/lib/node_modules/npm/lib/utils/spawn.js:40:14)
14 verbose stack     at ChildProcess.EventEmitter.emit (events.js:98:17)
14 verbose stack     at maybeClose (child_process.js:753:16)
14 verbose stack     at Process.ChildProcess._handle.onexit (child_process.js:820:5)
15 verbose pkgid hyphen@1.0.0
16 verbose cwd /Users/kpaca/Documents/Khris/HSEmployee
17 error Darwin 16.1.0
18 error argv "node" "/Users/kpaca/.nvm/v0.10.28/bin/npm" "run" "start"
19 error node v0.10.28
20 error npm  v3.10.9
21 error code ELIFECYCLE
22 error hyphen@1.0.0 start: `tsc && concurrently "tsc -w" "lite-server" `
22 error Exit status 2
23 error Failed at the hyphen@1.0.0 start script 'tsc && concurrently "tsc -w" "lite-server" '.
23 error Make sure you have the latest version of node.js and npm installed.
23 error If you do, this is most likely a problem with the hyphen package,
23 error not with npm itself.
23 error Tell the author that this fails on your system:
23 error     tsc && concurrently "tsc -w" "lite-server"
23 error You can get information on how to open an issue for this project with:
23 error     npm bugs hyphen
23 error Or if that isn't available, you can get their info via:
23 error     npm owner ls hyphen
23 error There is likely additional logging output above.
24 verbose exit [ 1, true ]
